[debug] [2025-06-03T20:15:15.177Z] ----------------------------------------------------------------------
[debug] [2025-06-03T20:15:15.179Z] Command:       C:\Program Files\nodejs\node.exe C:\Users\nardo\AppData\Roaming\npm\node_modules\firebase-tools\lib\bin\firebase.js emulators:start --only functions
[debug] [2025-06-03T20:15:15.179Z] CLI Version:   14.5.1
[debug] [2025-06-03T20:15:15.179Z] Platform:      win32
[debug] [2025-06-03T20:15:15.179Z] Node Version:  v22.14.0
[debug] [2025-06-03T20:15:15.180Z] Time:          Tue Jun 03 2025 16:15:15 GMT-0400 (Eastern Daylight Time)
[debug] [2025-06-03T20:15:15.180Z] ----------------------------------------------------------------------
[debug] 
[debug] [2025-06-03T20:15:15.356Z] > command requires scopes: ["email","openid","https://www.googleapis.com/auth/cloudplatformprojects.readonly","https://www.googleapis.com/auth/firebase","https://www.googleapis.com/auth/cloud-platform"]
[debug] [2025-06-03T20:15:15.356Z] > authorizing via signed-in user (nardosteshome95@gmail.com)
[info] i  emulators: Starting emulators: functions {"metadata":{"emulator":{"name":"hub"},"message":"Starting emulators: functions"}}
[debug] [2025-06-03T20:15:15.363Z] [logging] Logging Emulator only supports listening on one address (127.0.0.1). Not listening on ::1
[debug] [2025-06-03T20:15:15.363Z] assigned listening specs for emulators {"user":{"hub":[{"address":"127.0.0.1","family":"IPv4","port":4400},{"address":"::1","family":"IPv6","port":4400}],"ui":[{"address":"127.0.0.1","family":"IPv4","port":4000},{"address":"::1","family":"IPv6","port":4000}],"logging":[{"address":"127.0.0.1","family":"IPv4","port":4500}]},"metadata":{"message":"assigned listening specs for emulators"}}
[debug] [2025-06-03T20:15:15.368Z] [hub] writing locator at C:\Users\nardo\AppData\Local\Temp\hub-clone-a1e6b.json
[debug] [2025-06-03T20:15:15.386Z] [functions] Functions Emulator only supports listening on one address (127.0.0.1). Not listening on ::1
[debug] [2025-06-03T20:15:15.386Z] [eventarc] Eventarc Emulator only supports listening on one address (127.0.0.1). Not listening on ::1
[debug] [2025-06-03T20:15:15.386Z] [tasks] Cloud Tasks Emulator only supports listening on one address (127.0.0.1). Not listening on ::1
[debug] [2025-06-03T20:15:15.386Z] late-assigned ports for functions and eventarc emulators {"user":{"hub":[{"address":"127.0.0.1","family":"IPv4","port":4400},{"address":"::1","family":"IPv6","port":4400}],"ui":[{"address":"127.0.0.1","family":"IPv4","port":4000},{"address":"::1","family":"IPv6","port":4000}],"logging":[{"address":"127.0.0.1","family":"IPv4","port":4500}],"functions":[{"address":"127.0.0.1","family":"IPv4","port":5001}],"eventarc":[{"address":"127.0.0.1","family":"IPv4","port":9299}],"tasks":[{"address":"127.0.0.1","family":"IPv4","port":9499}]},"metadata":{"message":"late-assigned ports for functions and eventarc emulators"}}
[warn] !  functions: The following emulators are not running, calls to these services from the Functions emulator will affect production: apphosting, auth, firestore, database, hosting, pubsub, storage, dataconnect {"metadata":{"emulator":{"name":"functions"},"message":"The following emulators are not running, calls to these services from the Functions emulator will affect production: \u001b[1mapphosting, auth, firestore, database, hosting, pubsub, storage, dataconnect\u001b[22m"}}
[debug] [2025-06-03T20:15:15.420Z] defaultcredentials: writing to file C:\Users\nardo\AppData\Roaming\firebase\nardosteshome95_gmail_com_application_default_credentials.json
[debug] [2025-06-03T20:15:15.422Z] Setting GAC to C:\Users\nardo\AppData\Roaming\firebase\nardosteshome95_gmail_com_application_default_credentials.json {"metadata":{"emulator":{"name":"functions"},"message":"Setting GAC to C:\\Users\\nardo\\AppData\\Roaming\\firebase\\nardosteshome95_gmail_com_application_default_credentials.json"}}
[debug] [2025-06-03T20:15:15.423Z] Checked if tokens are valid: false, expires at: 1748931992053
[debug] [2025-06-03T20:15:15.423Z] Checked if tokens are valid: false, expires at: 1748931992053
[debug] [2025-06-03T20:15:15.423Z] > refreshing access token with scopes: []
[debug] [2025-06-03T20:15:15.424Z] >>> [apiv2][query] POST https://www.googleapis.com/oauth2/v3/token [none]
[debug] [2025-06-03T20:15:15.424Z] >>> [apiv2][body] POST https://www.googleapis.com/oauth2/v3/token [omitted]
[debug] [2025-06-03T20:15:15.622Z] <<< [apiv2][status] POST https://www.googleapis.com/oauth2/v3/token 200
[debug] [2025-06-03T20:15:15.622Z] <<< [apiv2][body] POST https://www.googleapis.com/oauth2/v3/token [omitted]
[debug] [2025-06-03T20:15:15.627Z] >>> [apiv2][query] GET https://firebase.googleapis.com/v1beta1/projects/clone-a1e6b/adminSdkConfig [none]
[debug] [2025-06-03T20:15:16.022Z] <<< [apiv2][status] GET https://firebase.googleapis.com/v1beta1/projects/clone-a1e6b/adminSdkConfig 200
[debug] [2025-06-03T20:15:16.022Z] <<< [apiv2][body] GET https://firebase.googleapis.com/v1beta1/projects/clone-a1e6b/adminSdkConfig {"projectId":"clone-a1e6b","storageBucket":"clone-a1e6b.firebasestorage.app"}
[info] i  functions: Watching "C:\Users\nardo\OneDrive\Desktop\Evangadi\Phase 4\AmazonClone\Amazon-Clone\functions" for Cloud Functions... {"metadata":{"emulator":{"name":"functions"},"message":"Watching \"C:\\Users\\nardo\\OneDrive\\Desktop\\Evangadi\\Phase 4\\AmazonClone\\Amazon-Clone\\functions\" for Cloud Functions..."}}
[debug] [2025-06-03T20:15:16.056Z] Validating nodejs source
[debug] [2025-06-03T20:15:17.086Z] > [functions] package.json contents: {
  "name": "functions",
  "description": "Cloud Functions for Firebase",
  "scripts": {
    "serve": "firebase emulators:start --only functions",
    "shell": "firebase functions:shell",
    "start": "npm run shell",
    "deploy": "firebase deploy --only functions",
    "logs": "firebase functions:log"
  },
  "engines": {
    "node": "20"
  },
  "main": "index.js",
  "dependencies": {
    "cors": "^2.8.5",
    "dotenv": "^16.5.0",
    "express": "^5.1.0",
    "firebase-admin": "^12.6.0",
    "firebase-functions": "^6.0.1",
    "stripe": "^18.2.0"
  },
  "devDependencies": {
    "firebase-functions-test": "^3.1.0"
  },
  "private": true
}
[debug] [2025-06-03T20:15:17.086Z] Building nodejs source
[debug] [2025-06-03T20:15:17.087Z] Failed to find version of module node: reached end of search path C:\Users\nardo\OneDrive\Desktop\Evangadi\Phase 4\AmazonClone\Amazon-Clone\functions\node_modules
[warn] !  functions: Your requested "node" version "20" doesn't match your global version "22". Using node@22 from host. 
[info] i  functions: Loaded environment variables from .env. 
[debug] [2025-06-03T20:15:17.091Z] Could not find functions.yaml. Must use http discovery
[debug] [2025-06-03T20:15:17.096Z] Found firebase-functions binary at 'C:\Users\nardo\OneDrive\Desktop\Evangadi\Phase 4\AmazonClone\Amazon-Clone\functions\node_modules\.bin\firebase-functions'
[info] Serving at port 8536

[debug] [2025-06-03T20:15:17.943Z] Got response from /__/functions.yaml {"endpoints":{"api":{"availableMemoryMb":null,"timeoutSeconds":null,"minInstances":null,"maxInstances":null,"ingressSettings":null,"concurrency":null,"serviceAccountEmail":null,"vpc":null,"platform":"gcfv2","labels":{},"httpsTrigger":{},"entryPoint":"api"}},"specVersion":"v1alpha1","requiredAPIs":[],"extensions":{}}
[info] +  functions: Loaded functions definitions from source: api. {"metadata":{"emulator":{"name":"functions"},"message":"Loaded functions definitions from source: api."}}
[info] +  functions[us-central1-api]: http function initialized (http://127.0.0.1:5001/clone-a1e6b/us-central1/api). {"metadata":{"emulator":{"name":"functions"},"message":"\u001b[1mhttp\u001b[22m function initialized (http://127.0.0.1:5001/clone-a1e6b/us-central1/api)."}}
[debug] [2025-06-03T20:15:21.980Z] Could not find VSCode notification endpoint: FetchError: request to http://localhost:40001/vscode/notify failed, reason: . If you are not running the Firebase Data Connect VSCode extension, this is expected and not an issue.
[info] 
┌─────────────────────────────────────────────────────────────┐
│ ✔  All emulators ready! It is now safe to connect your app. │
│ i  View Emulator UI at http://127.0.0.1:4000/               │
└─────────────────────────────────────────────────────────────┘

┌───────────┬────────────────┬─────────────────────────────────┐
│ Emulator  │ Host:Port      │ View in Emulator UI             │
├───────────┼────────────────┼─────────────────────────────────┤
│ Functions │ 127.0.0.1:5001 │ http://127.0.0.1:4000/functions │
└───────────┴────────────────┴─────────────────────────────────┘
  Emulator Hub host: 127.0.0.1 port: 4400
  Other reserved ports: 4500

Issues? Report them at https://github.com/firebase/firebase-tools/issues and attach the *-debug.log files.
 
[debug] [2025-06-03T20:52:10.545Z] Received signal SIGHUP 1
[info]  
[info] i  emulators: Received SIGHUP for the first time. Starting a clean shutdown. 
[info] i  emulators: Please wait for a clean shutdown or send the SIGHUP signal again to stop right now. 
[info] i  emulators: Shutting down emulators. {"metadata":{"emulator":{"name":"hub"},"message":"Shutting down emulators."}}
[info] i  ui: Stopping Emulator UI {"metadata":{"emulator":{"name":"ui"},"message":"Stopping Emulator UI"}}
[info] i  functions: Stopping Functions Emulator {"metadata":{"emulator":{"name":"functions"},"message":"Stopping Functions Emulator"}}
[info] i  eventarc: Stopping Eventarc Emulator {"metadata":{"emulator":{"name":"eventarc"},"message":"Stopping Eventarc Emulator"}}
[info] i  tasks: Stopping Cloud Tasks Emulator {"metadata":{"emulator":{"name":"tasks"},"message":"Stopping Cloud Tasks Emulator"}}
[info] i  hub: Stopping emulator hub {"metadata":{"emulator":{"name":"hub"},"message":"Stopping emulator hub"}}
[info] i  logging: Stopping Logging Emulator {"metadata":{"emulator":{"name":"logging"},"message":"Stopping Logging Emulator"}}
[debug] [2025-06-03T20:52:10.579Z] Could not find VSCode notification endpoint: FetchError: request to http://localhost:40001/vscode/notify failed, reason: . If you are not running the Firebase Data Connect VSCode extension, this is expected and not an issue.
